<?xml version="1.0" encoding="UTF-8"?>
<testng-results skipped="0" failed="0" ignored="0" total="1" passed="1">
  <reporter-output>
  </reporter-output>
  <suite name="All Test Suite" duration-ms="49691" started-at="2023-04-13T15:34:29 EEST" finished-at="2023-04-13T15:35:19 EEST">
    <groups>
    </groups>
    <test name="Reminders Regression" duration-ms="49691" started-at="2023-04-13T15:34:29 EEST" finished-at="2023-04-13T15:35:19 EEST">
      <class name="ReminderApp">
        <test-method status="PASS" signature="setUp()[pri:0, instance:ReminderApp@4b4523f8]" name="setUp" is-config="true" duration-ms="19370" started-at="2023-04-13T15:34:29 EEST" finished-at="2023-04-13T15:34:49 EEST">
          <reporter-output>
          </reporter-output>
        </test-method> <!-- setUp -->
        <test-method status="PASS" signature="reminderApp()[pri:0, instance:ReminderApp@4b4523f8]" name="reminderApp" duration-ms="29946" started-at="2023-04-13T15:34:49 EEST" finished-at="2023-04-13T15:35:19 EEST">
          <reporter-output>
          </reporter-output>
        </test-method> <!-- reminderApp -->
      </class> <!-- ReminderApp -->
    </test> <!-- Reminders Regression -->
  </suite> <!-- All Test Suite -->
</testng-results>
