<?xml version="1.0" encoding="UTF-8"?>
<testng-results skipped="0" failed="0" ignored="0" total="1" passed="1">
  <reporter-output>
  </reporter-output>
  <suite name="All Test Suite" duration-ms="46499" started-at="2023-04-13T14:16:24 EEST" finished-at="2023-04-13T14:17:10 EEST">
    <groups>
    </groups>
    <test name="Reminders Regression" duration-ms="46499" started-at="2023-04-13T14:16:24 EEST" finished-at="2023-04-13T14:17:10 EEST">
      <class name="ReminderApp">
        <test-method status="PASS" signature="setUp()[pri:0, instance:ReminderApp@7d907bac]" name="setUp" is-config="true" duration-ms="17867" started-at="2023-04-13T14:16:24 EEST" finished-at="2023-04-13T14:16:42 EEST">
          <reporter-output>
          </reporter-output>
        </test-method> <!-- setUp -->
        <test-method status="PASS" signature="reminderApp()[pri:0, instance:ReminderApp@7d907bac]" name="reminderApp" duration-ms="28299" started-at="2023-04-13T14:16:42 EEST" finished-at="2023-04-13T14:17:10 EEST">
          <reporter-output>
          </reporter-output>
        </test-method> <!-- reminderApp -->
      </class> <!-- ReminderApp -->
    </test> <!-- Reminders Regression -->
  </suite> <!-- All Test Suite -->
</testng-results>
